>>>>>>>>>>>>>>>> []
/home/chabli/tarballs/ns-allinone-3.12.1/ns-3.12.1/bindings/python/ns3modulegen_core_customizations.py:69: DeprecationWarning: Typo: set_tranformation -> set_transformation
  handler.set_tranformation(self, orig_ctype)
/home/chabli/tarballs/ns-allinone-3.12.1/ns-3.12.1/src/propagation/bindings/modulegen__gcc_ILP32.py:9: UserWarning: exception TypeLookupError(['std::_List_const_iterator< ns3::AttributeConstructionList::Item >'],) in wrapper public: retval? ???::Begin (params?) const;
  warnings.warn("exception %r in wrapper %s" % (exception, wrapper))
/home/chabli/tarballs/ns-allinone-3.12.1/ns-3.12.1/src/propagation/bindings/modulegen__gcc_ILP32.py:9: UserWarning: exception TypeLookupError(['std::_List_const_iterator< ns3::AttributeConstructionList::Item >'],) in wrapper public: retval? ???::End (params?) const;
  warnings.warn("exception %r in wrapper %s" % (exception, wrapper))
/home/chabli/tarballs/ns-allinone-3.12.1/pybindgen-0.15.0.795/pybindgen/settings.py:85: DeprecationWarning: The option pybindgen.settings.deprecated_virtuals has not been set.  I am going to assume the value of True, to preserve backward compatibility, but the default value will change in the future, and the option will eventually disappear.
  DeprecationWarning)
/home/chabli/tarballs/ns-allinone-3.12.1/ns-3.12.1/src/propagation/bindings/modulegen__gcc_ILP32.py:9: UserWarning: exception TypeConfigurationError('Missing transfer_ownership option',) in wrapper public: retval? ???::Delete (params?);
  warnings.warn("exception %r in wrapper %s" % (exception, wrapper))
/home/chabli/tarballs/ns-allinone-3.12.1/ns-3.12.1/src/propagation/bindings/modulegen__gcc_ILP32.py:9: UserWarning: exception TypeLookupError(['ns3::Callback< ns3::ObjectBase *, ns3::empty, ns3::empty, ns3::empty, ns3::empty, ns3::empty, ns3::empty, ns3::empty, ns3::empty, ns3::empty >'],) in wrapper public: retval? ???::GetConstructor (params?) const;
  warnings.warn("exception %r in wrapper %s" % (exception, wrapper))
/home/chabli/tarballs/ns-allinone-3.12.1/ns-3.12.1/src/propagation/bindings/modulegen__gcc_ILP32.py:9: UserWarning: exception TypeConfigurationError('Missing transfer_ownership option',) in wrapper public: retval? ???::LookupAttributeByName (params?) const;
  warnings.warn("exception %r in wrapper %s" % (exception, wrapper))
/home/chabli/tarballs/ns-allinone-3.12.1/ns-3.12.1/src/propagation/bindings/modulegen__gcc_ILP32.py:9: UserWarning: exception TypeLookupError(['short unsigned int'],) in wrapper None
  warnings.warn("exception %r in wrapper %s" % (exception, wrapper))
/home/chabli/tarballs/ns-allinone-3.12.1/ns-3.12.1/src/propagation/bindings/modulegen__gcc_ILP32.py:9: UserWarning: exception TypeLookupError(['std::pair< double, double >'],) in wrapper <pybindgen.cppmethod.CppConstructor object at 0x8f4f72c>
  warnings.warn("exception %r in wrapper %s" % (exception, wrapper))
/home/chabli/tarballs/ns-allinone-3.12.1/ns-3.12.1/src/propagation/bindings/modulegen__gcc_ILP32.py:9: UserWarning: exception TypeLookupError(['std::pair< double, double >'],) in wrapper <pybindgen.cppmethod.CppConstructor object at 0x8f4f74c>
  warnings.warn("exception %r in wrapper %s" % (exception, wrapper))
/home/chabli/tarballs/ns-allinone-3.12.1/ns-3.12.1/src/propagation/bindings/modulegen__gcc_ILP32.py:9: UserWarning: exception TypeLookupError(['ns3::Ptr< ns3::MobilityModel >', 'ns3::MobilityModel *'],) in wrapper public: virtual retval? ???::GetDelay (params?) const = 0;
  warnings.warn("exception %r in wrapper %s" % (exception, wrapper))
/home/chabli/tarballs/ns-allinone-3.12.1/ns-3.12.1/src/propagation/bindings/modulegen__gcc_ILP32.py:9: UserWarning: exception TypeLookupError(['ns3::Ptr< ns3::MobilityModel >', 'ns3::MobilityModel *'],) in wrapper public: retval? ???::CalcRxPower (params?) const;
  warnings.warn("exception %r in wrapper %s" % (exception, wrapper))
/home/chabli/tarballs/ns-allinone-3.12.1/ns-3.12.1/src/propagation/bindings/modulegen__gcc_ILP32.py:9: UserWarning: exception TypeLookupError(['ns3::Ptr< ns3::MobilityModel >', 'ns3::MobilityModel *'],) in wrapper private: virtual retval? ???::DoCalcRxPower (params?) const = 0;
  warnings.warn("exception %r in wrapper %s" % (exception, wrapper))
/home/chabli/tarballs/ns-allinone-3.12.1/ns-3.12.1/src/propagation/bindings/modulegen__gcc_ILP32.py:9: UserWarning: exception TypeLookupError(['ns3::Ptr< ns3::MobilityModel >', 'ns3::MobilityModel *'],) in wrapper public: virtual retval? ???::GetDelay (params?) const;
  warnings.warn("exception %r in wrapper %s" % (exception, wrapper))
/home/chabli/tarballs/ns-allinone-3.12.1/ns-3.12.1/src/propagation/bindings/modulegen__gcc_ILP32.py:9: UserWarning: exception TypeLookupError(['ns3::Ptr< ns3::MobilityModel >', 'ns3::MobilityModel *'],) in wrapper private: virtual retval? ???::DoCalcRxPower (params?) const;
  warnings.warn("exception %r in wrapper %s" % (exception, wrapper))
/home/chabli/tarballs/ns-allinone-3.12.1/ns-3.12.1/src/propagation/bindings/modulegen__gcc_ILP32.py:9: UserWarning: exception TypeLookupError(['ns3::Ptr< ns3::MobilityModel >', 'ns3::MobilityModel *'],) in wrapper public: retval? ???::GetLoss (params?) const;
  warnings.warn("exception %r in wrapper %s" % (exception, wrapper))
/home/chabli/tarballs/ns-allinone-3.12.1/ns-3.12.1/src/propagation/bindings/modulegen__gcc_ILP32.py:9: UserWarning: exception TypeLookupError(['ns3::Ptr< ns3::MobilityModel >', 'ns3::MobilityModel *'],) in wrapper public: retval? ???::SetLoss (params?);
  warnings.warn("exception %r in wrapper %s" % (exception, wrapper))
/home/chabli/tarballs/ns-allinone-3.12.1/ns-3.12.1/src/propagation/bindings/modulegen__gcc_ILP32.py:9: UserWarning: exception CodeGenerationError('ns3::PropagationDelayModel cannot be constructed (have pure virtual methods but no helper class)',) in wrapper <pybindgen.CppClass 'ns3::PropagationDelayModel'>
  warnings.warn("exception %r in wrapper %s" % (exception, wrapper))
