>>>>>>>>>>>>>>>> [['void', 'ns3::Ptr<ns3::Packet>', 'ns3::empty', 'ns3::empty', 'ns3::empty', 'ns3::empty', 'ns3::empty', 'ns3::empty', 'ns3::empty', 'ns3::empty'], ['void', 'ns3::empty', 'ns3::empty', 'ns3::empty', 'ns3::empty', 'ns3::empty', 'ns3::empty', 'ns3::empty', 'ns3::empty', 'ns3::empty'], ['void', 'ns3::Ptr<ns3::Packet const>', 'ns3::empty', 'ns3::empty', 'ns3::empty', 'ns3::empty', 'ns3::empty', 'ns3::empty', 'ns3::empty', 'ns3::empty'], ['bool', 'ns3::Ptr<ns3::Packet>', 'ns3::empty', 'ns3::empty', 'ns3::empty', 'ns3::empty', 'ns3::empty', 'ns3::empty', 'ns3::empty', 'ns3::empty'], ['bool', 'ns3::Ptr<ns3::NetDevice>', 'ns3::Ptr<ns3::Packet const>', 'unsigned short', 'ns3::Address const&', 'ns3::Address const&', 'ns3::NetDevice::PacketType', 'ns3::empty', 'ns3::empty', 'ns3::empty'], ['bool', 'ns3::Ptr<ns3::NetDevice>', 'ns3::Ptr<ns3::Packet const>', 'unsigned short', 'ns3::Address const&', 'ns3::empty', 'ns3::empty', 'ns3::empty', 'ns3::empty', 'ns3::empty'], ['void', 'ns3::Ptr<ns3::NetDevice>', 'ns3::Ptr<ns3::Packet const>', 'unsigned short', 'ns3::Address const&', 'ns3::Address const&', 'ns3::NetDevice::PacketType', 'ns3::empty', 'ns3::empty', 'ns3::empty']]
/home/chabli/tarballs/ns-allinone-3.12.1/ns-3.12.1/bindings/python/ns3modulegen_core_customizations.py:69: DeprecationWarning: Typo: set_tranformation -> set_transformation
  handler.set_tranformation(self, orig_ctype)
***** registering callback handler: 'ns3::Callback< void, ns3::Ptr< ns3::Packet >, ns3::empty, ns3::empty, ns3::empty, ns3::empty, ns3::empty, ns3::empty, ns3::empty, ns3::empty >'
***** registering callback handler: 'ns3::Callback< void, ns3::empty, ns3::empty, ns3::empty, ns3::empty, ns3::empty, ns3::empty, ns3::empty, ns3::empty, ns3::empty >'
***** registering callback handler: 'ns3::Callback< void, ns3::Ptr< ns3::Packet const >, ns3::empty, ns3::empty, ns3::empty, ns3::empty, ns3::empty, ns3::empty, ns3::empty, ns3::empty >'
***** registering callback handler: 'ns3::Callback< bool, ns3::Ptr< ns3::Packet >, ns3::empty, ns3::empty, ns3::empty, ns3::empty, ns3::empty, ns3::empty, ns3::empty, ns3::empty >'
/home/chabli/tarballs/ns-allinone-3.12.1/pybindgen-0.15.0.795/pybindgen/typehandlers/base.py:1058: DeprecationWarning: is_const is deprecated, put a 'const' in the C type instead.
  warnings.warn("is_const is deprecated, put a 'const' in the C type instead.", DeprecationWarning)
***** registering callback handler: 'ns3::Callback< bool, ns3::Ptr< ns3::NetDevice >, ns3::Ptr< ns3::Packet const >, unsigned short, ns3::Address const &, ns3::Address const &, ns3::NetDevice::PacketType, ns3::empty, ns3::empty, ns3::empty >'
***** registering callback handler: 'ns3::Callback< bool, ns3::Ptr< ns3::NetDevice >, ns3::Ptr< ns3::Packet const >, unsigned short, ns3::Address const &, ns3::empty, ns3::empty, ns3::empty, ns3::empty, ns3::empty >'
***** registering callback handler: 'ns3::Callback< void, ns3::Ptr< ns3::NetDevice >, ns3::Ptr< ns3::Packet const >, unsigned short, ns3::Address const &, ns3::Address const &, ns3::NetDevice::PacketType, ns3::empty, ns3::empty, ns3::empty >'
/home/chabli/tarballs/ns-allinone-3.12.1/ns-3.12.1/src/spectrum/bindings/modulegen__gcc_ILP32.py:9: UserWarning: exception TypeConfigurationError('direction not given',) in wrapper <pybindgen.cppmethod.CppConstructor object at 0xa36e2ec>
  warnings.warn("exception %r in wrapper %s" % (exception, wrapper))
/home/chabli/tarballs/ns-allinone-3.12.1/ns-3.12.1/src/spectrum/bindings/modulegen__gcc_ILP32.py:9: UserWarning: exception TypeConfigurationError('direction not given',) in wrapper public: retval? ???::CopyAllFrom (params?);
  warnings.warn("exception %r in wrapper %s" % (exception, wrapper))
/home/chabli/tarballs/ns-allinone-3.12.1/ns-3.12.1/src/spectrum/bindings/modulegen__gcc_ILP32.py:9: UserWarning: exception TypeConfigurationError('direction not given',) in wrapper public: retval? ???::CopyAllTo (params?) const;
  warnings.warn("exception %r in wrapper %s" % (exception, wrapper))
/home/chabli/tarballs/ns-allinone-3.12.1/ns-3.12.1/src/spectrum/bindings/modulegen__gcc_ILP32.py:9: UserWarning: exception TypeConfigurationError('direction not given',) in wrapper public: retval? ???::CopyFrom (params?);
  warnings.warn("exception %r in wrapper %s" % (exception, wrapper))
/home/chabli/tarballs/ns-allinone-3.12.1/ns-3.12.1/src/spectrum/bindings/modulegen__gcc_ILP32.py:9: UserWarning: exception TypeConfigurationError('direction not given',) in wrapper public: retval? ???::CopyTo (params?) const;
  warnings.warn("exception %r in wrapper %s" % (exception, wrapper))
/home/chabli/tarballs/ns-allinone-3.12.1/ns-3.12.1/src/spectrum/bindings/modulegen__gcc_ILP32.py:9: UserWarning: exception TypeLookupError(['std::_List_const_iterator< ns3::AttributeConstructionList::Item >'],) in wrapper public: retval? ???::Begin (params?) const;
  warnings.warn("exception %r in wrapper %s" % (exception, wrapper))
/home/chabli/tarballs/ns-allinone-3.12.1/ns-3.12.1/src/spectrum/bindings/modulegen__gcc_ILP32.py:9: UserWarning: exception TypeLookupError(['std::_List_const_iterator< ns3::AttributeConstructionList::Item >'],) in wrapper public: retval? ???::End (params?) const;
  warnings.warn("exception %r in wrapper %s" % (exception, wrapper))
/home/chabli/tarballs/ns-allinone-3.12.1/ns-3.12.1/src/spectrum/bindings/modulegen__gcc_ILP32.py:9: UserWarning: exception TypeLookupError(['std::ostream *'],) in wrapper public: retval? ???::CopyData (params?) const;
  warnings.warn("exception %r in wrapper %s" % (exception, wrapper))
/home/chabli/tarballs/ns-allinone-3.12.1/ns-3.12.1/src/spectrum/bindings/modulegen__gcc_ILP32.py:9: UserWarning: exception TypeConfigurationError('direction not given',) in wrapper public: retval? ???::CopyData (params?) const;
  warnings.warn("exception %r in wrapper %s" % (exception, wrapper))
/home/chabli/tarballs/ns-allinone-3.12.1/ns-3.12.1/src/spectrum/bindings/modulegen__gcc_ILP32.py:9: UserWarning: exception TypeConfigurationError('direction not given',) in wrapper public: retval? ???::Deserialize (params?);
  warnings.warn("exception %r in wrapper %s" % (exception, wrapper))
/home/chabli/tarballs/ns-allinone-3.12.1/ns-3.12.1/src/spectrum/bindings/modulegen__gcc_ILP32.py:9: UserWarning: exception TypeLookupError(['uint8_t *'],) in wrapper public: retval? ???::PeekData (params?) const;
  warnings.warn("exception %r in wrapper %s" % (exception, wrapper))
/home/chabli/tarballs/ns-allinone-3.12.1/ns-3.12.1/src/spectrum/bindings/modulegen__gcc_ILP32.py:9: UserWarning: exception TypeConfigurationError('direction not given',) in wrapper public: retval? ???::Serialize (params?) const;
  warnings.warn("exception %r in wrapper %s" % (exception, wrapper))
/home/chabli/tarballs/ns-allinone-3.12.1/ns-3.12.1/src/spectrum/bindings/modulegen__gcc_ILP32.py:9: UserWarning: exception TypeConfigurationError('direction not given',) in wrapper public: retval? ???::Read (params?);
  warnings.warn("exception %r in wrapper %s" % (exception, wrapper))
/home/chabli/tarballs/ns-allinone-3.12.1/ns-3.12.1/src/spectrum/bindings/modulegen__gcc_ILP32.py:9: UserWarning: exception TypeConfigurationError('direction not given',) in wrapper public: retval? ???::Write (params?);
  warnings.warn("exception %r in wrapper %s" % (exception, wrapper))
/home/chabli/tarballs/ns-allinone-3.12.1/ns-3.12.1/src/spectrum/bindings/modulegen__gcc_ILP32.py:9: UserWarning: exception TypeLookupError(['ns3::Ptr< ns3::EventImpl > &'],) in wrapper <pybindgen.cppmethod.CppConstructor object at 0xa4f1dec>
  warnings.warn("exception %r in wrapper %s" % (exception, wrapper))
/home/chabli/tarballs/ns-allinone-3.12.1/ns-3.12.1/src/spectrum/bindings/modulegen__gcc_ILP32.py:9: UserWarning: exception TypeConfigurationError('Either caller_owns_return or self.reference_existing_object must be given',) in wrapper public: retval? ???::PeekEventImpl (params?) const;
  warnings.warn("exception %r in wrapper %s" % (exception, wrapper))
/home/chabli/tarballs/ns-allinone-3.12.1/ns-3.12.1/src/spectrum/bindings/modulegen__gcc_ILP32.py:9: UserWarning: exception TypeLookupError(['std::ostream &'],) in wrapper public: retval? ???::Print (params?) const;
  warnings.warn("exception %r in wrapper %s" % (exception, wrapper))
/home/chabli/tarballs/ns-allinone-3.12.1/ns-3.12.1/src/spectrum/bindings/modulegen__gcc_ILP32.py:9: UserWarning: exception TypeConfigurationError('direction not given',) in wrapper <pybindgen.cppmethod.CppConstructor object at 0xa5556ec>
  warnings.warn("exception %r in wrapper %s" % (exception, wrapper))
/home/chabli/tarballs/ns-allinone-3.12.1/ns-3.12.1/src/spectrum/bindings/modulegen__gcc_ILP32.py:9: UserWarning: exception TypeConfigurationError('direction not given',) in wrapper public: retval? ???::GetBytes (params?) const;
  warnings.warn("exception %r in wrapper %s" % (exception, wrapper))
/home/chabli/tarballs/ns-allinone-3.12.1/ns-3.12.1/src/spectrum/bindings/modulegen__gcc_ILP32.py:9: UserWarning: exception TypeConfigurationError('direction not given',) in wrapper public: retval? ???::Set (params?);
  warnings.warn("exception %r in wrapper %s" % (exception, wrapper))
/home/chabli/tarballs/ns-allinone-3.12.1/ns-3.12.1/src/spectrum/bindings/modulegen__gcc_ILP32.py:9: UserWarning: exception TypeConfigurationError('direction not given',) in wrapper <pybindgen.cppmethod.CppConstructor object at 0xa575fec>
  warnings.warn("exception %r in wrapper %s" % (exception, wrapper))
/home/chabli/tarballs/ns-allinone-3.12.1/ns-3.12.1/src/spectrum/bindings/modulegen__gcc_ILP32.py:9: UserWarning: exception TypeLookupError(['__gnu_cxx::__normal_iterator< ns3::Ptr< ns3::NetDevice > const, std::vector< ns3::Ptr< ns3::NetDevice > > >'],) in wrapper public: retval? ???::Begin (params?) const;
  warnings.warn("exception %r in wrapper %s" % (exception, wrapper))
/home/chabli/tarballs/ns-allinone-3.12.1/ns-3.12.1/src/spectrum/bindings/modulegen__gcc_ILP32.py:9: UserWarning: exception TypeLookupError(['__gnu_cxx::__normal_iterator< ns3::Ptr< ns3::NetDevice > const, std::vector< ns3::Ptr< ns3::NetDevice > > >'],) in wrapper public: retval? ???::End (params?) const;
  warnings.warn("exception %r in wrapper %s" % (exception, wrapper))
/home/chabli/tarballs/ns-allinone-3.12.1/ns-3.12.1/src/spectrum/bindings/modulegen__gcc_ILP32.py:9: UserWarning: exception TypeLookupError(['__gnu_cxx::__normal_iterator< ns3::Ptr< ns3::Node > const, std::vector< ns3::Ptr< ns3::Node > > >'],) in wrapper public: retval? ???::Begin (params?) const;
  warnings.warn("exception %r in wrapper %s" % (exception, wrapper))
/home/chabli/tarballs/ns-allinone-3.12.1/ns-3.12.1/src/spectrum/bindings/modulegen__gcc_ILP32.py:9: UserWarning: exception TypeLookupError(['__gnu_cxx::__normal_iterator< ns3::Ptr< ns3::Node > const, std::vector< ns3::Ptr< ns3::Node > > >'],) in wrapper public: retval? ???::End (params?) const;
  warnings.warn("exception %r in wrapper %s" % (exception, wrapper))
/home/chabli/tarballs/ns-allinone-3.12.1/pybindgen-0.15.0.795/pybindgen/settings.py:85: DeprecationWarning: The option pybindgen.settings.deprecated_virtuals has not been set.  I am going to assume the value of True, to preserve backward compatibility, but the default value will change in the future, and the option will eventually disappear.
  DeprecationWarning)
/home/chabli/tarballs/ns-allinone-3.12.1/ns-3.12.1/src/spectrum/bindings/modulegen__gcc_ILP32.py:9: UserWarning: exception TypeConfigurationError('Missing transfer_ownership option',) in wrapper public: retval? ???::Delete (params?);
  warnings.warn("exception %r in wrapper %s" % (exception, wrapper))
/home/chabli/tarballs/ns-allinone-3.12.1/ns-3.12.1/src/spectrum/bindings/modulegen__gcc_ILP32.py:9: UserWarning: exception TypeLookupError(['uint8_t [ 20 ]'],) in wrapper None
  warnings.warn("exception %r in wrapper %s" % (exception, wrapper))
/home/chabli/tarballs/ns-allinone-3.12.1/ns-3.12.1/src/spectrum/bindings/modulegen__gcc_ILP32.py:9: UserWarning: exception TypeConfigurationError('Either caller_owns_return or self.reference_existing_object must be given',) in wrapper None
  warnings.warn("exception %r in wrapper %s" % (exception, wrapper))
/home/chabli/tarballs/ns-allinone-3.12.1/ns-3.12.1/src/spectrum/bindings/modulegen__gcc_ILP32.py:9: UserWarning: exception TypeLookupError(['std::ostream &'],) in wrapper public: virtual retval? ???::Print (params?) const = 0;
  warnings.warn("exception %r in wrapper %s" % (exception, wrapper))
/home/chabli/tarballs/ns-allinone-3.12.1/ns-3.12.1/src/spectrum/bindings/modulegen__gcc_ILP32.py:9: UserWarning: exception TypeConfigurationError('direction not given',) in wrapper <pybindgen.cppmethod.CppConstructor object at 0xa7a06ec>
  warnings.warn("exception %r in wrapper %s" % (exception, wrapper))
/home/chabli/tarballs/ns-allinone-3.12.1/ns-3.12.1/src/spectrum/bindings/modulegen__gcc_ILP32.py:9: UserWarning: exception TypeLookupError(['ns3::Callback< ns3::ObjectBase *, ns3::empty, ns3::empty, ns3::empty, ns3::empty, ns3::empty, ns3::empty, ns3::empty, ns3::empty, ns3::empty >'],) in wrapper public: retval? ???::GetConstructor (params?) const;
  warnings.warn("exception %r in wrapper %s" % (exception, wrapper))
/home/chabli/tarballs/ns-allinone-3.12.1/ns-3.12.1/src/spectrum/bindings/modulegen__gcc_ILP32.py:9: UserWarning: exception TypeConfigurationError('Missing transfer_ownership option',) in wrapper public: retval? ???::LookupAttributeByName (params?) const;
  warnings.warn("exception %r in wrapper %s" % (exception, wrapper))
/home/chabli/tarballs/ns-allinone-3.12.1/ns-3.12.1/src/spectrum/bindings/modulegen__gcc_ILP32.py:9: UserWarning: exception TypeLookupError(['short unsigned int'],) in wrapper None
  warnings.warn("exception %r in wrapper %s" % (exception, wrapper))
/home/chabli/tarballs/ns-allinone-3.12.1/ns-3.12.1/src/spectrum/bindings/modulegen__gcc_ILP32.py:9: UserWarning: exception TypeLookupError(['std::pair< double, double >'],) in wrapper <pybindgen.cppmethod.CppConstructor object at 0xa978f6c>
  warnings.warn("exception %r in wrapper %s" % (exception, wrapper))
/home/chabli/tarballs/ns-allinone-3.12.1/ns-3.12.1/src/spectrum/bindings/modulegen__gcc_ILP32.py:9: UserWarning: exception TypeLookupError(['std::pair< double, double >'],) in wrapper <pybindgen.cppmethod.CppConstructor object at 0xa978f8c>
  warnings.warn("exception %r in wrapper %s" % (exception, wrapper))
/home/chabli/tarballs/ns-allinone-3.12.1/ns-3.12.1/src/spectrum/bindings/modulegen__gcc_ILP32.py:9: UserWarning: exception TypeLookupError(['__gnu_cxx::__normal_iterator< ns3::BandInfo const *, std::vector< ns3::BandInfo > >'],) in wrapper public: retval? ???::Begin (params?) const;
  warnings.warn("exception %r in wrapper %s" % (exception, wrapper))
/home/chabli/tarballs/ns-allinone-3.12.1/ns-3.12.1/src/spectrum/bindings/modulegen__gcc_ILP32.py:9: UserWarning: exception TypeLookupError(['__gnu_cxx::__normal_iterator< ns3::BandInfo const *, std::vector< ns3::BandInfo > >'],) in wrapper public: retval? ???::End (params?) const;
  warnings.warn("exception %r in wrapper %s" % (exception, wrapper))
/home/chabli/tarballs/ns-allinone-3.12.1/ns-3.12.1/src/spectrum/bindings/modulegen__gcc_ILP32.py:9: UserWarning: exception TypeLookupError(['ns3::Ptr< ns3::PacketBurst >', 'ns3::PacketBurst *'],) in wrapper public: virtual retval? ???::StartRx (params?) = 0;
  warnings.warn("exception %r in wrapper %s" % (exception, wrapper))
/home/chabli/tarballs/ns-allinone-3.12.1/ns-3.12.1/src/spectrum/bindings/modulegen__gcc_ILP32.py:9: UserWarning: exception TypeLookupError(['__gnu_cxx::__normal_iterator< ns3::BandInfo const *, std::vector< ns3::BandInfo > >'],) in wrapper public: retval? ???::ConstBandsBegin (params?) const;
  warnings.warn("exception %r in wrapper %s" % (exception, wrapper))
/home/chabli/tarballs/ns-allinone-3.12.1/ns-3.12.1/src/spectrum/bindings/modulegen__gcc_ILP32.py:9: UserWarning: exception TypeLookupError(['__gnu_cxx::__normal_iterator< ns3::BandInfo const *, std::vector< ns3::BandInfo > >'],) in wrapper public: retval? ???::ConstBandsEnd (params?) const;
  warnings.warn("exception %r in wrapper %s" % (exception, wrapper))
/home/chabli/tarballs/ns-allinone-3.12.1/ns-3.12.1/src/spectrum/bindings/modulegen__gcc_ILP32.py:9: UserWarning: exception TypeLookupError(['__gnu_cxx::__normal_iterator< double const *, std::vector< double > >'],) in wrapper public: retval? ???::ConstValuesBegin (params?) const;
  warnings.warn("exception %r in wrapper %s" % (exception, wrapper))
/home/chabli/tarballs/ns-allinone-3.12.1/ns-3.12.1/src/spectrum/bindings/modulegen__gcc_ILP32.py:9: UserWarning: exception TypeLookupError(['__gnu_cxx::__normal_iterator< double const *, std::vector< double > >'],) in wrapper public: retval? ???::ConstValuesEnd (params?) const;
  warnings.warn("exception %r in wrapper %s" % (exception, wrapper))
/home/chabli/tarballs/ns-allinone-3.12.1/ns-3.12.1/src/spectrum/bindings/modulegen__gcc_ILP32.py:9: UserWarning: exception TypeLookupError(['__gnu_cxx::__normal_iterator< double *, std::vector< double > >'],) in wrapper public: retval? ???::ValuesBegin (params?);
  warnings.warn("exception %r in wrapper %s" % (exception, wrapper))
/home/chabli/tarballs/ns-allinone-3.12.1/ns-3.12.1/src/spectrum/bindings/modulegen__gcc_ILP32.py:9: UserWarning: exception TypeLookupError(['__gnu_cxx::__normal_iterator< double *, std::vector< double > >'],) in wrapper public: retval? ???::ValuesEnd (params?);
  warnings.warn("exception %r in wrapper %s" % (exception, wrapper))
/home/chabli/tarballs/ns-allinone-3.12.1/ns-3.12.1/src/spectrum/bindings/modulegen__gcc_ILP32.py:9: UserWarning: exception TypeLookupError(['ns3::Ptr< ns3::PacketBurst >', 'ns3::PacketBurst *'],) in wrapper public: virtual retval? ???::StartRx (params?);
  warnings.warn("exception %r in wrapper %s" % (exception, wrapper))
/home/chabli/tarballs/ns-allinone-3.12.1/ns-3.12.1/src/spectrum/bindings/modulegen__gcc_ILP32.py:9: UserWarning: exception TypeLookupError(['std::ostream &'],) in wrapper public: virtual retval? ???::Print (params?) const;
  warnings.warn("exception %r in wrapper %s" % (exception, wrapper))
/home/chabli/tarballs/ns-allinone-3.12.1/ns-3.12.1/src/spectrum/bindings/modulegen__gcc_ILP32.py:9: UserWarning: exception TypeLookupError(['ns3::Ptr< ns3::Application >', 'ns3::Application *'],) in wrapper public: retval? ???::AddApplication (params?);
  warnings.warn("exception %r in wrapper %s" % (exception, wrapper))
/home/chabli/tarballs/ns-allinone-3.12.1/ns-3.12.1/src/spectrum/bindings/modulegen__gcc_ILP32.py:9: UserWarning: exception TypeLookupError(['ns3::Ptr< ns3::Application >', 'ns3::Application *'],) in wrapper public: retval? ???::GetApplication (params?) const;
  warnings.warn("exception %r in wrapper %s" % (exception, wrapper))
/home/chabli/tarballs/ns-allinone-3.12.1/ns-3.12.1/src/spectrum/bindings/modulegen__gcc_ILP32.py:9: UserWarning: exception TypeLookupError(['ns3::Callback< void, ns3::Ptr< ns3::NetDevice >, ns3::empty, ns3::empty, ns3::empty, ns3::empty, ns3::empty, ns3::empty, ns3::empty, ns3::empty >'],) in wrapper public: retval? ???::RegisterDeviceAdditionListener (params?);
  warnings.warn("exception %r in wrapper %s" % (exception, wrapper))
/home/chabli/tarballs/ns-allinone-3.12.1/ns-3.12.1/src/spectrum/bindings/modulegen__gcc_ILP32.py:9: UserWarning: exception TypeLookupError(['ns3::Callback< void, ns3::Ptr< ns3::NetDevice >, ns3::empty, ns3::empty, ns3::empty, ns3::empty, ns3::empty, ns3::empty, ns3::empty, ns3::empty >'],) in wrapper public: retval? ???::UnregisterDeviceAdditionListener (params?);
  warnings.warn("exception %r in wrapper %s" % (exception, wrapper))
/home/chabli/tarballs/ns-allinone-3.12.1/ns-3.12.1/src/spectrum/bindings/modulegen__gcc_ILP32.py:9: UserWarning: exception TypeConfigurationError('direction not given',) in wrapper <pybindgen.cppmethod.CppConstructor object at 0xaeb35cc>
  warnings.warn("exception %r in wrapper %s" % (exception, wrapper))
/home/chabli/tarballs/ns-allinone-3.12.1/ns-3.12.1/src/spectrum/bindings/modulegen__gcc_ILP32.py:9: UserWarning: exception TypeConfigurationError('direction not given',) in wrapper <pybindgen.cppmethod.CppConstructor object at 0xaeb35ec>
  warnings.warn("exception %r in wrapper %s" % (exception, wrapper))
/home/chabli/tarballs/ns-allinone-3.12.1/ns-3.12.1/src/spectrum/bindings/modulegen__gcc_ILP32.py:9: UserWarning: exception TypeLookupError(['std::ostream &'],) in wrapper public: retval? ???::PrintByteTags (params?) const;
  warnings.warn("exception %r in wrapper %s" % (exception, wrapper))
/home/chabli/tarballs/ns-allinone-3.12.1/ns-3.12.1/src/spectrum/bindings/modulegen__gcc_ILP32.py:9: UserWarning: exception TypeLookupError(['std::ostream &'],) in wrapper public: retval? ???::PrintPacketTags (params?) const;
  warnings.warn("exception %r in wrapper %s" % (exception, wrapper))
/home/chabli/tarballs/ns-allinone-3.12.1/ns-3.12.1/src/spectrum/bindings/modulegen__gcc_ILP32.py:9: UserWarning: exception TypeLookupError(['ns3::Ptr< ns3::PacketBurst >', 'ns3::PacketBurst *'],) in wrapper public: virtual retval? ???::StartTx (params?) = 0;
  warnings.warn("exception %r in wrapper %s" % (exception, wrapper))
/home/chabli/tarballs/ns-allinone-3.12.1/ns-3.12.1/src/spectrum/bindings/modulegen__gcc_ILP32.py:9: UserWarning: exception TypeLookupError(['ns3::Ptr< ns3::PacketBurst >', 'ns3::PacketBurst *'],) in wrapper public: virtual retval? ???::StartTx (params?);
  warnings.warn("exception %r in wrapper %s" % (exception, wrapper))
/home/chabli/tarballs/ns-allinone-3.12.1/ns-3.12.1/src/spectrum/bindings/modulegen__gcc_ILP32.py:9: UserWarning: exception TypeLookupError(['ns3::Ptr< ns3::PacketBurst >', 'ns3::PacketBurst *'],) in wrapper private: virtual retval? ???::StartRx (params?);
  warnings.warn("exception %r in wrapper %s" % (exception, wrapper))
/home/chabli/tarballs/ns-allinone-3.12.1/pybindgen-0.15.0.795/pybindgen/cppclass_typehandlers.py:1134: UserWarning: Returning shared pointers is dangerous!  The C++ API should be redesigned to avoid this situation.
  warnings.warn("Returning shared pointers is dangerous!"
/home/chabli/tarballs/ns-allinone-3.12.1/ns-3.12.1/src/spectrum/bindings/modulegen__gcc_ILP32.py:9: UserWarning: exception NotSupportedError('Reverse wrappers for ns3::Callback<...> types (python using callbacks defined in C++) not implemented.',) in wrapper public: virtual void ns3::NonCommunicatingNetDevice::AddLinkChangeCallback (ns3::Callback< void, ns3::empty, ns3::empty, ns3::empty, ns3::empty, ns3::empty, ns3::empty, ns3::empty, ns3::empty, ns3::empty > callback);
  warnings.warn("exception %r in wrapper %s" % (exception, wrapper))
/home/chabli/tarballs/ns-allinone-3.12.1/ns-3.12.1/src/spectrum/bindings/modulegen__gcc_ILP32.py:9: UserWarning: exception NotSupportedError('Reverse wrappers for ns3::Callback<...> types (python using callbacks defined in C++) not implemented.',) in wrapper public: virtual void ns3::NonCommunicatingNetDevice::SetPromiscReceiveCallback (ns3::Callback< bool, ns3::Ptr< ns3::NetDevice >, ns3::Ptr< ns3::Packet const >, unsigned short, ns3::Address const &, ns3::Address const &, ns3::NetDevice::PacketType, ns3::empty, ns3::empty, ns3::empty > cb);
  warnings.warn("exception %r in wrapper %s" % (exception, wrapper))
/home/chabli/tarballs/ns-allinone-3.12.1/ns-3.12.1/src/spectrum/bindings/modulegen__gcc_ILP32.py:9: UserWarning: exception NotSupportedError('Reverse wrappers for ns3::Callback<...> types (python using callbacks defined in C++) not implemented.',) in wrapper public: virtual void ns3::NonCommunicatingNetDevice::SetReceiveCallback (ns3::Callback< bool, ns3::Ptr< ns3::NetDevice >, ns3::Ptr< ns3::Packet const >, unsigned short, ns3::Address const &, ns3::empty, ns3::empty, ns3::empty, ns3::empty, ns3::empty > cb);
  warnings.warn("exception %r in wrapper %s" % (exception, wrapper))
/home/chabli/tarballs/ns-allinone-3.12.1/ns-3.12.1/src/spectrum/bindings/modulegen__gcc_ILP32.py:9: UserWarning: exception NotSupportedError('Reverse wrappers for ns3::Callback<...> types (python using callbacks defined in C++) not implemented.',) in wrapper public: virtual void ns3::AlohaNoackNetDevice::AddLinkChangeCallback (ns3::Callback< void, ns3::empty, ns3::empty, ns3::empty, ns3::empty, ns3::empty, ns3::empty, ns3::empty, ns3::empty, ns3::empty > callback);
  warnings.warn("exception %r in wrapper %s" % (exception, wrapper))
/home/chabli/tarballs/ns-allinone-3.12.1/ns-3.12.1/src/spectrum/bindings/modulegen__gcc_ILP32.py:9: UserWarning: exception NotSupportedError('Reverse wrappers for ns3::Callback<...> types (python using callbacks defined in C++) not implemented.',) in wrapper public: virtual void ns3::AlohaNoackNetDevice::SetPromiscReceiveCallback (ns3::Callback< bool, ns3::Ptr< ns3::NetDevice >, ns3::Ptr< ns3::Packet const >, unsigned short, ns3::Address const &, ns3::Address const &, ns3::NetDevice::PacketType, ns3::empty, ns3::empty, ns3::empty > cb);
  warnings.warn("exception %r in wrapper %s" % (exception, wrapper))
/home/chabli/tarballs/ns-allinone-3.12.1/ns-3.12.1/src/spectrum/bindings/modulegen__gcc_ILP32.py:9: UserWarning: exception NotSupportedError('Reverse wrappers for ns3::Callback<...> types (python using callbacks defined in C++) not implemented.',) in wrapper public: virtual void ns3::AlohaNoackNetDevice::SetReceiveCallback (ns3::Callback< bool, ns3::Ptr< ns3::NetDevice >, ns3::Ptr< ns3::Packet const >, unsigned short, ns3::Address const &, ns3::empty, ns3::empty, ns3::empty, ns3::empty, ns3::empty > cb);
  warnings.warn("exception %r in wrapper %s" % (exception, wrapper))
/home/chabli/tarballs/ns-allinone-3.12.1/ns-3.12.1/src/spectrum/bindings/modulegen__gcc_ILP32.py:9: UserWarning: exception CodeGenerationError('ns3::WifiSpectrumValueHelper cannot be constructed (class has pure virtual methods)',) in wrapper <pybindgen.CppClass 'ns3::WifiSpectrumValueHelper'>
  warnings.warn("exception %r in wrapper %s" % (exception, wrapper))
/home/chabli/tarballs/ns-allinone-3.12.1/ns-3.12.1/src/spectrum/bindings/modulegen__gcc_ILP32.py:9: UserWarning: exception CodeGenerationError('ns3::SpectrumErrorModel cannot be constructed (class has pure virtual methods)',) in wrapper <pybindgen.CppClass 'ns3::SpectrumErrorModel'>
  warnings.warn("exception %r in wrapper %s" % (exception, wrapper))
/home/chabli/tarballs/ns-allinone-3.12.1/ns-3.12.1/src/spectrum/bindings/modulegen__gcc_ILP32.py:9: UserWarning: exception CodeGenerationError('ns3::SpectrumPhy cannot be constructed (have pure virtual methods but no helper class)',) in wrapper <pybindgen.CppClass 'ns3::SpectrumPhy'>
  warnings.warn("exception %r in wrapper %s" % (exception, wrapper))
/home/chabli/tarballs/ns-allinone-3.12.1/ns-3.12.1/src/spectrum/bindings/modulegen__gcc_ILP32.py:9: UserWarning: exception CodeGenerationError('ns3::SpectrumPropagationLossModel cannot be constructed (class has pure virtual methods)',) in wrapper <pybindgen.CppClass 'ns3::SpectrumPropagationLossModel'>
  warnings.warn("exception %r in wrapper %s" % (exception, wrapper))
/home/chabli/tarballs/ns-allinone-3.12.1/ns-3.12.1/src/spectrum/bindings/modulegen__gcc_ILP32.py:9: UserWarning: exception CodeGenerationError('ns3::SpectrumChannel cannot be constructed (have pure virtual methods but no helper class)',) in wrapper <pybindgen.CppClass 'ns3::SpectrumChannel'>
  warnings.warn("exception %r in wrapper %s" % (exception, wrapper))
